<?xml version="1.0" encoding="UTF-8"?>
<testng-results ignored="0" total="1" passed="1" failed="0" skipped="0">
  <reporter-output>
  </reporter-output>
  <suite started-at="2022-12-26T18:35:55 IST" name="Default suite" finished-at="2022-12-26T18:35:58 IST" duration-ms="3171">
    <groups>
    </groups>
    <test started-at="2022-12-26T18:35:55 IST" name="Default test" finished-at="2022-12-26T18:35:58 IST" duration-ms="3171">
      <class name="RestAssuredTests.Demo1_GET_Request">
        <test-method signature="getWeatherDetails()[pri:0, instance:RestAssuredTests.Demo1_GET_Request@1139b2f3]" started-at="2022-12-26T18:35:55 IST" name="getWeatherDetails" finished-at="2022-12-26T18:35:58 IST" duration-ms="3133" status="PASS">
          <reporter-output>
          </reporter-output>
        </test-method> <!-- getWeatherDetails -->
      </class> <!-- RestAssuredTests.Demo1_GET_Request -->
    </test> <!-- Default test -->
  </suite> <!-- Default suite -->
</testng-results>
